2025-03-18T16:12:33.337+05:30 ERROR 24152 --- [Address Book] [restartedMain] o.s.b.d.LoggingFailureAnalysisReporter   : 

***************************
APPLICATION FAILED TO START
***************************

Description:

Failed to bind properties under 'logging.level.com.example.addressbookapp' to org.springframework.boot.logging.LogLevel:

    Property: logging.level.com.example.addressbookapp
    Value: "debug  # Enable DEBUG logs for your project"
    Origin: class path resource [application.properties] - 31:42
    Reason: failed to convert java.lang.String to org.springframework.boot.logging.LogLevel (caused by java.lang.IllegalArgumentException: No enum constant org.springframework.boot.logging.LogLevel.debug  # Enable DEBUG logs for your project)

Action:

Update your application's configuration. The following values are valid:

    DEBUG
    ERROR
    FATAL
    INFO
    OFF
    TRACE
    WARN

2025-03-18T16:15:01.046+05:30 ERROR 4076 --- [Address Book] [restartedMain] o.s.b.d.LoggingFailureAnalysisReporter   : 

***************************
APPLICATION FAILED TO START
***************************

Description:

Failed to bind properties under 'logging.level.com.example.addressbookapp' to org.springframework.boot.logging.LogLevel:

    Property: logging.level.com.example.addressbookapp
    Value: "DEBUG  # Enable DEBUG logs for your project"
    Origin: class path resource [application.properties] - 32:42
    Reason: failed to convert java.lang.String to org.springframework.boot.logging.LogLevel (caused by java.lang.IllegalArgumentException: No enum constant org.springframework.boot.logging.LogLevel.DEBUG  # Enable DEBUG logs for your project)

Action:

Update your application's configuration. The following values are valid:

    DEBUG
    ERROR
    FATAL
    INFO
    OFF
    TRACE
    WARN

2025-03-18T16:15:42.269+05:30 ERROR 24604 --- [Address Book] [restartedMain] o.s.b.d.LoggingFailureAnalysisReporter   : 

***************************
APPLICATION FAILED TO START
***************************

Description:

Failed to bind properties under 'logging.level.com.example.addressbookapp' to org.springframework.boot.logging.LogLevel:

    Property: logging.level.com.example.addressbookapp
    Value: "DEBUG  # Enable DEBUG logs for your project"
    Origin: class path resource [application.properties] - 32:42
    Reason: failed to convert java.lang.String to org.springframework.boot.logging.LogLevel (caused by java.lang.IllegalArgumentException: No enum constant org.springframework.boot.logging.LogLevel.DEBUG  # Enable DEBUG logs for your project)

Action:

Update your application's configuration. The following values are valid:

    DEBUG
    ERROR
    FATAL
    INFO
    OFF
    TRACE
    WARN

2025-03-18T16:22:37.692+05:30  INFO 20204 --- [Address Book] [restartedMain] c.e.a.AddressBookApplication             : Starting AddressBookApplication using Java 21.0.5 with PID 20204 (C:\Users\91827\Downloads\addressBookApp\addressBookApp\target\classes started by 91827 in C:\Users\91827\Downloads\addressBookApp\addressBookApp)
2025-03-18T16:22:37.699+05:30 DEBUG 20204 --- [Address Book] [restartedMain] c.e.a.AddressBookApplication             : Running with Spring Boot v3.4.3, Spring v6.2.3
2025-03-18T16:22:37.703+05:30  INFO 20204 --- [Address Book] [restartedMain] c.e.a.AddressBookApplication             : No active profile set, falling back to 1 default profile: "default"
2025-03-18T16:22:37.854+05:30  INFO 20204 --- [Address Book] [restartedMain] .e.DevToolsPropertyDefaultsPostProcessor : Devtools property defaults active! Set 'spring.devtools.add-properties' to 'false' to disable
2025-03-18T16:22:37.855+05:30  INFO 20204 --- [Address Book] [restartedMain] .e.DevToolsPropertyDefaultsPostProcessor : For additional web related logging consider setting the 'logging.level.web' property to 'DEBUG'
2025-03-18T16:22:40.781+05:30  INFO 20204 --- [Address Book] [restartedMain] .s.d.r.c.RepositoryConfigurationDelegate : Multiple Spring Data modules found, entering strict repository configuration mode
2025-03-18T16:22:40.789+05:30  INFO 20204 --- [Address Book] [restartedMain] .s.d.r.c.RepositoryConfigurationDelegate : Bootstrapping Spring Data JPA repositories in DEFAULT mode.
2025-03-18T16:22:41.262+05:30  INFO 20204 --- [Address Book] [restartedMain] .s.d.r.c.RepositoryConfigurationDelegate : Finished Spring Data repository scanning in 441 ms. Found 2 JPA repository interfaces.
2025-03-18T16:22:41.323+05:30  INFO 20204 --- [Address Book] [restartedMain] .s.d.r.c.RepositoryConfigurationDelegate : Multiple Spring Data modules found, entering strict repository configuration mode
2025-03-18T16:22:41.328+05:30  INFO 20204 --- [Address Book] [restartedMain] .s.d.r.c.RepositoryConfigurationDelegate : Bootstrapping Spring Data Redis repositories in DEFAULT mode.
2025-03-18T16:22:41.375+05:30  INFO 20204 --- [Address Book] [restartedMain] .RepositoryConfigurationExtensionSupport : Spring Data Redis - Could not safely identify store assignment for repository candidate interface com.example.addressBookApp.repository.AddressBookRepository; If you want this repository to be a Redis repository, consider annotating your entities with one of these annotations: org.springframework.data.redis.core.RedisHash (preferred), or consider extending one of the following types with your repository: org.springframework.data.keyvalue.repository.KeyValueRepository
2025-03-18T16:22:41.376+05:30  INFO 20204 --- [Address Book] [restartedMain] .RepositoryConfigurationExtensionSupport : Spring Data Redis - Could not safely identify store assignment for repository candidate interface com.example.addressBookApp.repository.UserRepository; If you want this repository to be a Redis repository, consider annotating your entities with one of these annotations: org.springframework.data.redis.core.RedisHash (preferred), or consider extending one of the following types with your repository: org.springframework.data.keyvalue.repository.KeyValueRepository
2025-03-18T16:22:41.376+05:30  INFO 20204 --- [Address Book] [restartedMain] .s.d.r.c.RepositoryConfigurationDelegate : Finished Spring Data repository scanning in 18 ms. Found 0 Redis repository interfaces.
2025-03-18T16:22:43.396+05:30  INFO 20204 --- [Address Book] [restartedMain] o.s.b.w.embedded.tomcat.TomcatWebServer  : Tomcat initialized with port 8080 (http)
2025-03-18T16:22:43.433+05:30  INFO 20204 --- [Address Book] [restartedMain] o.apache.catalina.core.StandardService   : Starting service [Tomcat]
2025-03-18T16:22:43.434+05:30  INFO 20204 --- [Address Book] [restartedMain] o.apache.catalina.core.StandardEngine    : Starting Servlet engine: [Apache Tomcat/10.1.36]
2025-03-18T16:22:43.578+05:30  INFO 20204 --- [Address Book] [restartedMain] o.a.c.c.C.[Tomcat].[localhost].[/]       : Initializing Spring embedded WebApplicationContext
2025-03-18T16:22:43.578+05:30  INFO 20204 --- [Address Book] [restartedMain] w.s.c.ServletWebServerApplicationContext : Root WebApplicationContext: initialization completed in 5722 ms
2025-03-18T16:22:44.733+05:30  INFO 20204 --- [Address Book] [restartedMain] o.hibernate.jpa.internal.util.LogHelper  : HHH000204: Processing PersistenceUnitInfo [name: default]
2025-03-18T16:22:44.908+05:30  INFO 20204 --- [Address Book] [restartedMain] org.hibernate.Version                    : HHH000412: Hibernate ORM core version 6.6.8.Final
2025-03-18T16:22:45.032+05:30  INFO 20204 --- [Address Book] [restartedMain] o.h.c.internal.RegionFactoryInitiator    : HHH000026: Second-level cache disabled
2025-03-18T16:22:45.823+05:30  INFO 20204 --- [Address Book] [restartedMain] o.s.o.j.p.SpringPersistenceUnitInfo      : No LoadTimeWeaver setup: ignoring JPA class transformer
2025-03-18T16:22:45.901+05:30  INFO 20204 --- [Address Book] [restartedMain] com.zaxxer.hikari.HikariDataSource       : HikariPool-1 - Starting...
2025-03-18T16:22:46.362+05:30  INFO 20204 --- [Address Book] [restartedMain] com.zaxxer.hikari.pool.HikariPool        : HikariPool-1 - Added connection com.mysql.cj.jdbc.ConnectionImpl@4422c2b6
2025-03-18T16:22:46.365+05:30  INFO 20204 --- [Address Book] [restartedMain] com.zaxxer.hikari.HikariDataSource       : HikariPool-1 - Start completed.
2025-03-18T16:22:46.517+05:30  WARN 20204 --- [Address Book] [restartedMain] org.hibernate.orm.deprecation            : HHH90000025: MySQL8Dialect does not need to be specified explicitly using 'hibernate.dialect' (remove the property setting and it will be selected by default)
2025-03-18T16:22:46.520+05:30  WARN 20204 --- [Address Book] [restartedMain] org.hibernate.orm.deprecation            : HHH90000026: MySQL8Dialect has been deprecated; use org.hibernate.dialect.MySQLDialect instead
2025-03-18T16:22:46.577+05:30  INFO 20204 --- [Address Book] [restartedMain] org.hibernate.orm.connections.pooling    : HHH10001005: Database info:
	Database JDBC URL [Connecting through datasource 'HikariDataSource (HikariPool-1)']
	Database driver: undefined/unknown
	Database version: 8.0
	Autocommit mode: undefined/unknown
	Isolation level: undefined/unknown
	Minimum pool size: undefined/unknown
	Maximum pool size: undefined/unknown
2025-03-18T16:22:48.576+05:30  INFO 20204 --- [Address Book] [restartedMain] o.h.e.t.j.p.i.JtaPlatformInitiator       : HHH000489: No JTA platform available (set 'hibernate.transaction.jta.platform' to enable JTA platform integration)
2025-03-18T16:22:48.754+05:30  INFO 20204 --- [Address Book] [restartedMain] j.LocalContainerEntityManagerFactoryBean : Initialized JPA EntityManagerFactory for persistence unit 'default'
2025-03-18T16:22:49.559+05:30 DEBUG 20204 --- [Address Book] [restartedMain] c.e.a.config.JwtAuthenticationFilter     : Filter 'jwtAuthenticationFilter' configured for use
2025-03-18T16:22:50.391+05:30  WARN 20204 --- [Address Book] [restartedMain] JpaBaseConfiguration$JpaWebConfiguration : spring.jpa.open-in-view is enabled by default. Therefore, database queries may be performed during view rendering. Explicitly configure spring.jpa.open-in-view to disable this warning
2025-03-18T16:22:50.444+05:30  WARN 20204 --- [Address Book] [restartedMain] .s.s.UserDetailsServiceAutoConfiguration : 

Using generated security password: 0348673d-9b64-47e4-aff8-0942dcf2c87f

This generated password is for development use only. Your security configuration must be updated before running your application in production.

2025-03-18T16:22:50.479+05:30  INFO 20204 --- [Address Book] [restartedMain] r$InitializeUserDetailsManagerConfigurer : Global AuthenticationManager configured with UserDetailsService bean with name inMemoryUserDetailsManager
2025-03-18T16:22:52.233+05:30  INFO 20204 --- [Address Book] [restartedMain] o.s.b.d.a.OptionalLiveReloadServer       : LiveReload server is running on port 35729
2025-03-18T16:22:52.313+05:30  INFO 20204 --- [Address Book] [restartedMain] o.s.b.w.embedded.tomcat.TomcatWebServer  : Tomcat started on port 8080 (http) with context path '/'
2025-03-18T16:22:52.337+05:30  INFO 20204 --- [Address Book] [restartedMain] c.e.a.AddressBookApplication             : Started AddressBookApplication in 15.875 seconds (process running for 17.322)
2025-03-18T16:23:45.759+05:30  INFO 20204 --- [Address Book] [http-nio-8080-exec-2] o.a.c.c.C.[Tomcat].[localhost].[/]       : Initializing Spring DispatcherServlet 'dispatcherServlet'
2025-03-18T16:23:45.760+05:30  INFO 20204 --- [Address Book] [http-nio-8080-exec-2] o.s.web.servlet.DispatcherServlet        : Initializing Servlet 'dispatcherServlet'
2025-03-18T16:23:45.763+05:30  INFO 20204 --- [Address Book] [http-nio-8080-exec-2] o.s.web.servlet.DispatcherServlet        : Completed initialization in 3 ms
2025-03-18T16:25:36.586+05:30  INFO 20204 --- [Address Book] [http-nio-8080-exec-6] c.e.addressBookApp.service.UserService   : Attempting to register user with email: sagaragrawal666@gmail.com
2025-03-18T16:25:37.475+05:30  INFO 20204 --- [Address Book] [http-nio-8080-exec-6] c.e.addressBookApp.service.UserService   : User registered successfully: sagaragrawal666@gmail.com
2025-03-18T16:26:11.513+05:30  INFO 20204 --- [Address Book] [SpringApplicationShutdownHook] o.s.b.w.e.tomcat.GracefulShutdown        : Commencing graceful shutdown. Waiting for active requests to complete
2025-03-18T16:26:11.535+05:30  INFO 20204 --- [Address Book] [tomcat-shutdown] o.s.b.w.e.tomcat.GracefulShutdown        : Graceful shutdown complete
2025-03-18T16:26:11.574+05:30  INFO 20204 --- [Address Book] [SpringApplicationShutdownHook] j.LocalContainerEntityManagerFactoryBean : Closing JPA EntityManagerFactory for persistence unit 'default'
2025-03-18T16:26:11.585+05:30  INFO 20204 --- [Address Book] [SpringApplicationShutdownHook] com.zaxxer.hikari.HikariDataSource       : HikariPool-1 - Shutdown initiated...
2025-03-18T16:26:11.635+05:30  INFO 20204 --- [Address Book] [SpringApplicationShutdownHook] com.zaxxer.hikari.HikariDataSource       : HikariPool-1 - Shutdown completed.
